2023-11-21 15:47:39,212 DEBUG LinearUR3 - DEBUG: Current position =0.41629     0.35411     0.15103
2023-11-21 15:47:39,429 DEBUG LinearUR3 - DEBUG: Current position =0.40865     0.36447     0.15967
2023-11-21 15:47:39,663 DEBUG LinearUR3 - DEBUG: Current position =0.3861     0.39119      0.1834
2023-11-21 15:47:39,896 DEBUG LinearUR3 - DEBUG: Current position =0.33933     0.43339     0.22722
2023-11-21 15:47:40,106 DEBUG LinearUR3 - DEBUG: Current position =0.25904      0.4785     0.29351
2023-11-21 15:47:40,314 DEBUG LinearUR3 - DEBUG: Current position =0.14463     0.50096     0.38063
2023-11-21 15:47:40,543 DEBUG LinearUR3 - DEBUG: Current position =0.017491     0.47158     0.48068
2023-11-21 15:47:40,759 DEBUG LinearUR3 - DEBUG: Current position =-0.075988     0.38257     0.57795
2023-11-21 15:47:40,967 DEBUG LinearUR3 - DEBUG: Current position =-0.091321     0.27148     0.65126
2023-11-21 15:47:41,173 DEBUG LinearUR3 - DEBUG: Current position =-0.031904     0.20679     0.68121
2023-11-21 15:47:41,388 DEBUG LinearUR3 - DEBUG: Current position =0.039674     0.22974     0.65946
2023-11-21 15:47:41,598 DEBUG LinearUR3 - DEBUG: Current position =0.053572     0.31403     0.59335
2023-11-21 15:47:41,811 DEBUG LinearUR3 - DEBUG: Current position =-0.0079821     0.39458     0.50187
2023-11-21 15:47:42,136 DEBUG LinearUR3 - DEBUG: Current position =-0.11013     0.42718     0.40643
2023-11-21 15:47:42,343 DEBUG LinearUR3 - DEBUG: Current position =-0.20828     0.41154     0.32292
2023-11-21 15:47:42,712 DEBUG LinearUR3 - DEBUG: Current position =-0.27902     0.37211     0.25918
2023-11-21 15:47:43,102 DEBUG LinearUR3 - DEBUG: Current position =-0.32074     0.33282     0.21656
2023-11-21 15:47:43,311 DEBUG LinearUR3 - DEBUG: Current position =-0.34127     0.30637     0.19265
2023-11-21 15:47:43,536 DEBUG LinearUR3 - DEBUG: Current position =-0.34884     0.29484     0.18301
2023-11-21 15:47:43,760 DEBUG LinearUR3 - DEBUG: Current position =-0.34998       0.293     0.18151
